<?xml version="1.0" encoding="UTF-8"?>
<!-- Generated by org.testng.reporters.JUnitXMLReporter -->
<testsuite ignored="0" hostname="Vibha-PC" failures="0" tests="4" name="Default test" time="77.453" errors="0" timestamp="03 Jul 2024 20:33:08 GMT">
  <testcase classname="testCases.TestLoginDataProvider" name="TestValidLogin" time="15.408"/>
  <testcase classname="testCases.TestLoginDataProvider" name="TestValidLogin" time="15.114"/>
  <testcase classname="testCases.TestLoginDataProvider" name="TestValidLogin" time="16.762"/>
  <testcase classname="testCases.TestLoginDataProvider" name="TestValidLogin" time="11.43"/>
</testsuite> <!-- Default test -->
