<?xml version="1.0" encoding="UTF-8"?>
<testng-results ignored="0" total="4" passed="4" failed="0" skipped="0">
  <reporter-output>
  </reporter-output>
  <suite started-at="2024-07-03T20:31:50Z" name="Default suite" finished-at="2024-07-03T20:33:08Z" duration-ms="77453">
    <groups>
    </groups>
    <test started-at="2024-07-03T20:31:50Z" name="Default test" finished-at="2024-07-03T20:33:08Z" duration-ms="77453">
      <class name="testCases.TestLoginDataProvider">
        <test-method is-config="true" signature="setup()[pri:0, instance:testCases.TestLoginDataProvider@51e5fc98]" started-at="2024-07-03T20:31:50Z" name="setup" finished-at="2024-07-03T20:32:08Z" duration-ms="17247" status="PASS">
          <reporter-output>
          </reporter-output>
        </test-method> <!-- setup -->
        <test-method signature="TestValidLogin(java.lang.String, java.lang.String)[pri:0, instance:testCases.TestLoginDataProvider@51e5fc98]" started-at="2024-07-03T20:32:08Z" name="TestValidLogin" data-provider="SetUserDetails" finished-at="2024-07-03T20:32:23Z" duration-ms="15408" status="PASS">
          <params>
            <param index="0">
              <value>
                <![CDATA[mngr576940]]>
              </value>
            </param>
            <param index="1">
              <value>
                <![CDATA[bAmEgEr]]>
              </value>
            </param>
          </params>
          <reporter-output>
          </reporter-output>
        </test-method> <!-- TestValidLogin -->
        <test-method signature="TestValidLogin(java.lang.String, java.lang.String)[pri:0, instance:testCases.TestLoginDataProvider@51e5fc98]" started-at="2024-07-03T20:32:23Z" name="TestValidLogin" data-provider="SetUserDetails" finished-at="2024-07-03T20:32:38Z" duration-ms="15114" status="PASS">
          <params>
            <param index="0">
              <value>
                <![CDATA[invalid]]>
              </value>
            </param>
            <param index="1">
              <value>
                <![CDATA[invalid]]>
              </value>
            </param>
          </params>
          <reporter-output>
          </reporter-output>
        </test-method> <!-- TestValidLogin -->
        <test-method signature="TestValidLogin(java.lang.String, java.lang.String)[pri:0, instance:testCases.TestLoginDataProvider@51e5fc98]" started-at="2024-07-03T20:32:38Z" name="TestValidLogin" data-provider="SetUserDetails" finished-at="2024-07-03T20:32:55Z" duration-ms="16762" status="PASS">
          <params>
            <param index="0">
              <value>
                <![CDATA[invalid]]>
              </value>
            </param>
            <param index="1">
              <value>
                <![CDATA[invalid]]>
              </value>
            </param>
          </params>
          <reporter-output>
          </reporter-output>
        </test-method> <!-- TestValidLogin -->
        <test-method signature="TestValidLogin(java.lang.String, java.lang.String)[pri:0, instance:testCases.TestLoginDataProvider@51e5fc98]" started-at="2024-07-03T20:32:55Z" name="TestValidLogin" data-provider="SetUserDetails" finished-at="2024-07-03T20:33:07Z" duration-ms="11430" status="PASS">
          <params>
            <param index="0">
              <value>
                <![CDATA[invalid]]>
              </value>
            </param>
            <param index="1">
              <value>
                <![CDATA[invalid]]>
              </value>
            </param>
          </params>
          <reporter-output>
          </reporter-output>
        </test-method> <!-- TestValidLogin -->
        <test-method is-config="true" signature="closeBrowser()[pri:0, instance:testCases.TestLoginDataProvider@51e5fc98]" started-at="2024-07-03T20:33:07Z" name="closeBrowser" finished-at="2024-07-03T20:33:08Z" duration-ms="1395" status="PASS">
          <reporter-output>
          </reporter-output>
        </test-method> <!-- closeBrowser -->
      </class> <!-- testCases.TestLoginDataProvider -->
    </test> <!-- Default test -->
  </suite> <!-- Default suite -->
</testng-results>
